<?xml version="1.0" encoding="UTF-8"?>
<testng-results skipped="0" failed="0" ignored="0" total="1" passed="1">
  <reporter-output>
  </reporter-output>
  <suite name="Default suite" duration-ms="17128" started-at="2018-10-28T08:20:11Z" finished-at="2018-10-28T08:20:29Z">
    <groups>
    </groups>
    <test name="Default test" duration-ms="17128" started-at="2018-10-28T08:20:11Z" finished-at="2018-10-28T08:20:29Z">
      <class name="pkg.Sele_ExceptionHandling">
        <test-method status="PASS" signature="testSearch()[pri:0, instance:pkg.Sele_ExceptionHandling@5f341870]" name="testSearch" duration-ms="17061" started-at="2018-10-28T08:20:12Z" finished-at="2018-10-28T08:20:29Z">
          <reporter-output>
          </reporter-output>
        </test-method> <!-- testSearch -->
      </class> <!-- pkg.Sele_ExceptionHandling -->
    </test> <!-- Default test -->
  </suite> <!-- Default suite -->
</testng-results>
